Added Component: Designator=C1(SM-0805)
Add component (AddParameter): Name = "Value"; Value = "103"; VariantName = "[No Variations]"
Added Component: Designator=C2(SM-0805)
Add component (AddParameter): Name = "Value"; Value = "103"; VariantName = "[No Variations]"
Added Component: Designator=C3(SM-0805)
Add component (AddParameter): Name = "Value"; Value = "103"; VariantName = "[No Variations]"
Added Component: Designator=C4(SM-0805)
Add component (AddParameter): Name = "Value"; Value = "103"; VariantName = "[No Variations]"
Added Component: Designator=C5(SM-0805)
Add component (AddParameter): Name = "Value"; Value = "103"; VariantName = "[No Variations]"
Added Component: Designator=C6(SM-0805)
Add component (AddParameter): Name = "Value"; Value = "103"; VariantName = "[No Variations]"
Added Component: Designator=C7(SM-0805)
Add component (AddParameter): Name = "Value"; Value = "103"; VariantName = "[No Variations]"
Added Component: Designator=C8(SM-0805)
Add component (AddParameter): Name = "Value"; Value = "103"; VariantName = "[No Variations]"
Added Component: Designator=C9(SM-0805)
Add component (AddParameter): Name = "Value"; Value = "103"; VariantName = "[No Variations]"
Added Component: Designator=C10(SM-0805)
Add component (AddParameter): Name = "Value"; Value = "103"; VariantName = "[No Variations]"
Added Component: Designator=C11(SM-0805)
Add component (AddParameter): Name = "Value"; Value = "103"; VariantName = "[No Variations]"
Added Component: Designator=D1(SOT-23-6_L2.9-W1.6-P0.95-LS2.8-BL)
Added Component: Designator=D2(DIODE SMA)
Add component (AddParameter): Name = "Chung_Loai"; Value = "Dán"; VariantName = "[No Variations]"
Add component (AddParameter): Name = "Don_Vi"; Value = "Con"; VariantName = "[No Variations]"
Add component (AddParameter): Name = "Ghi_Chu"; Value = ""; VariantName = "[No Variations]"
Add component (AddParameter): Name = "Kieu_Chan"; Value = ""; VariantName = "[No Variations]"
Add component (AddParameter): Name = "Ma_Hang"; Value = "MH002104"; VariantName = "[No Variations]"
Add component (AddParameter): Name = "Ten_Linh_Kien"; Value = "Diode SS34 3A 40V SMA ( 1N5822 SS34A)"; VariantName = "[No Variations]"
Added Component: Designator=F1(Cau chi tu phuc hoi 2A 24V SMD1812)
Add component (AddParameter): Name = "Ma_Hang"; Value = "MH010033"; VariantName = "[No Variations]"
Add component (AddParameter): Name = "Ten"; Value = "C?u Chě T? Ph?c H?i 2A 24V SMD1812"; VariantName = "[No Variations]"
Added Component: Designator=JP1(JP 1x3 DT)
Add component (AddParameter): Name = "Chung_Loai"; Value = "C?m"; VariantName = "[No Variations]"
Add component (AddParameter): Name = "Don_Vi"; Value = "Con"; VariantName = "[No Variations]"
Add component (AddParameter): Name = "Ghi_Chu"; Value = ""; VariantName = "[No Variations]"
Add component (AddParameter): Name = "Kieu_Chan"; Value = ""; VariantName = "[No Variations]"
Add component (AddParameter): Name = "Ma_Hang"; Value = "MH000903"; VariantName = "[No Variations]"
Add component (AddParameter): Name = "Ten_Linh_Kien"; Value = "Jump Đon Đ?c 2.54MM 1x40P Th?ng 11MM"; VariantName = "[No Variations]"
Added Component: Designator=JP2(JP 1x7 DT)
Add component (AddParameter): Name = "Chung_Loai"; Value = "C?m"; VariantName = "[No Variations]"
Add component (AddParameter): Name = "Don_Vi"; Value = "Con"; VariantName = "[No Variations]"
Add component (AddParameter): Name = "Ghi_Chu"; Value = ""; VariantName = "[No Variations]"
Add component (AddParameter): Name = "Kieu_Chan"; Value = ""; VariantName = "[No Variations]"
Add component (AddParameter): Name = "Ma_Hang"; Value = "MH000903"; VariantName = "[No Variations]"
Add component (AddParameter): Name = "Ten_Linh_Kien"; Value = "Jump Đon Đ?c 2.54MM 1x40P Th?ng 11MM"; VariantName = "[No Variations]"
Added Component: Designator=JP3(JP 1x10 DT)
Add component (AddParameter): Name = "Chung_Loai"; Value = "C?m"; VariantName = "[No Variations]"
Add component (AddParameter): Name = "Don_Vi"; Value = "Con"; VariantName = "[No Variations]"
Add component (AddParameter): Name = "Ghi_Chu"; Value = ""; VariantName = "[No Variations]"
Add component (AddParameter): Name = "Kieu_Chan"; Value = ""; VariantName = "[No Variations]"
Add component (AddParameter): Name = "Ma_Hang"; Value = "MH000903"; VariantName = "[No Variations]"
Add component (AddParameter): Name = "Ten_Linh_Kien"; Value = "Jump Đon Đ?c 2.54MM 1x40P Th?ng 11MM"; VariantName = "[No Variations]"
Added Component: Designator=JP4(JP 1x10 DT)
Add component (AddParameter): Name = "Chung_Loai"; Value = "C?m"; VariantName = "[No Variations]"
Add component (AddParameter): Name = "Don_Vi"; Value = "Con"; VariantName = "[No Variations]"
Add component (AddParameter): Name = "Ghi_Chu"; Value = ""; VariantName = "[No Variations]"
Add component (AddParameter): Name = "Kieu_Chan"; Value = ""; VariantName = "[No Variations]"
Add component (AddParameter): Name = "Ma_Hang"; Value = "MH000903"; VariantName = "[No Variations]"
Add component (AddParameter): Name = "Ten_Linh_Kien"; Value = "Jump Đon Đ?c 2.54MM 1x40P Th?ng 11MM"; VariantName = "[No Variations]"
Added Component: Designator=JP5(JP 1x7 DT)
Add component (AddParameter): Name = "Chung_Loai"; Value = "C?m"; VariantName = "[No Variations]"
Add component (AddParameter): Name = "Don_Vi"; Value = "Con"; VariantName = "[No Variations]"
Add component (AddParameter): Name = "Ghi_Chu"; Value = ""; VariantName = "[No Variations]"
Add component (AddParameter): Name = "Kieu_Chan"; Value = ""; VariantName = "[No Variations]"
Add component (AddParameter): Name = "Ma_Hang"; Value = "MH000903"; VariantName = "[No Variations]"
Add component (AddParameter): Name = "Ten_Linh_Kien"; Value = "Jump Đon Đ?c 2.54MM 1x40P Th?ng 11MM"; VariantName = "[No Variations]"
Added Component: Designator=L1(LED-0805-Red)
Add component (AddParameter): Name = "Chung_Loai"; Value = "Dán"; VariantName = "[No Variations]"
Add component (AddParameter): Name = "Don_Vi"; Value = "Con"; VariantName = "[No Variations]"
Add component (AddParameter): Name = "Ghi_Chu"; Value = ""; VariantName = "[No Variations]"
Add component (AddParameter): Name = "Kieu_Chan"; Value = ""; VariantName = "[No Variations]"
Add component (AddParameter): Name = "Ma_Hang"; Value = "MH000897"; VariantName = "[No Variations]"
Add component (AddParameter): Name = "Ten_Linh_Kien"; Value = "LED 0805 Mŕu Đ? (Red)"; VariantName = "[No Variations]"
Added Component: Designator=L2(LED-0805-Green)
Add component (AddParameter): Name = "Chung_Loai"; Value = "Dán"; VariantName = "[No Variations]"
Add component (AddParameter): Name = "Don_Vi"; Value = "Con"; VariantName = "[No Variations]"
Add component (AddParameter): Name = "Ghi_Chu"; Value = ""; VariantName = "[No Variations]"
Add component (AddParameter): Name = "Kieu_Chan"; Value = ""; VariantName = "[No Variations]"
Add component (AddParameter): Name = "Ma_Hang"; Value = "MH002326"; VariantName = "[No Variations]"
Add component (AddParameter): Name = "Ten_Linh_Kien"; Value = "LED 0805 Mŕu Xanh Lá (Green)"; VariantName = "[No Variations]"
Added Component: Designator=L3(L0805)
Added Component: Designator=Q1(SOT-23-3_L2.9-W1.3-P1.90-LS2.4-BR)
Added Component: Designator=Q2(SOT-23-3_L2.9-W1.3-P1.90-LS2.4-BR)
Added Component: Designator=R1(SM-0805)
Add component (AddParameter): Name = "Value"; Value = "1K"; VariantName = "[No Variations]"
Added Component: Designator=R2(SM-0805)
Add component (AddParameter): Name = "Value"; Value = "1K"; VariantName = "[No Variations]"
Added Component: Designator=R3(SM-0805)
Add component (AddParameter): Name = "Value"; Value = "1K"; VariantName = "[No Variations]"
Added Component: Designator=R4(SM-0805)
Add component (AddParameter): Name = "Value"; Value = "1K"; VariantName = "[No Variations]"
Added Component: Designator=R5(SM-0805)
Add component (AddParameter): Name = "Value"; Value = "1K"; VariantName = "[No Variations]"
Added Component: Designator=R6(SM-0805)
Add component (AddParameter): Name = "Value"; Value = "1K"; VariantName = "[No Variations]"
Added Component: Designator=R7(SM-0805)
Add component (AddParameter): Name = "Value"; Value = "1K"; VariantName = "[No Variations]"
Added Component: Designator=R8(SM-0805)
Add component (AddParameter): Name = "Value"; Value = "1K"; VariantName = "[No Variations]"
Added Component: Designator=R9(SM-0805)
Add component (AddParameter): Name = "Value"; Value = "1K"; VariantName = "[No Variations]"
Added Component: Designator=R10(SM-0805)
Add component (AddParameter): Name = "Value"; Value = "1K"; VariantName = "[No Variations]"
Added Component: Designator=R11(SM-0805)
Add component (AddParameter): Name = "Value"; Value = "1K"; VariantName = "[No Variations]"
Added Component: Designator=R12(SM-0805)
Add component (AddParameter): Name = "Value"; Value = "1K"; VariantName = "[No Variations]"
Added Component: Designator=R13(SM-0805)
Add component (AddParameter): Name = "Value"; Value = "1K"; VariantName = "[No Variations]"
Added Component: Designator=R14(SM-0805)
Add component (AddParameter): Name = "Value"; Value = "1K"; VariantName = "[No Variations]"
Added Component: Designator=R15(SM-0805)
Add component (AddParameter): Name = "Value"; Value = "1K"; VariantName = "[No Variations]"
Added Component: Designator=U1(SOT-223-4_L6.5-W3.5-P2.30-LS7.0-BR)
Added Component: Designator=U2(TYPE-C-SMD_HX-TYPE-C-16PIN)
Add Component: Footprint Not Found QFN28G_0.5-5X5MM
Added Component: Designator=U4(SW-SMD_L6.1-W3.7-LS8.0)
Added Component: Designator=U5(SW-SMD_L6.1-W3.7-LS8.0)
Added Component: Designator=U6(WIFI-SMD_ESP32-WROOM-32E)
Added Pin To Net: NetName=3.3V Pin=C2-2
Added Pin To Net: NetName=3.3V Pin=C3-2
Added Pin To Net: NetName=3.3V Pin=C4-2
Added Pin To Net: NetName=3.3V Pin=C5-2
Added Pin To Net: NetName=3.3V Pin=C6-2
Added Pin To Net: NetName=3.3V Pin=C8-2
Added Pin To Net: NetName=3.3V Pin=C9-2
Added Pin To Net: NetName=3.3V Pin=JP3-1
Added Pin To Net: NetName=3.3V Pin=JP4-2
Added Pin To Net: NetName=3.3V Pin=R1-1
Added Pin To Net: NetName=3.3V Pin=R2-1
Added Pin To Net: NetName=3.3V Pin=R10-1
Added Pin To Net: NetName=3.3V Pin=R13-2
Added Pin To Net: NetName=3.3V Pin=U1-2
Added Pin To Net: NetName=3.3V Pin=U6-2
Added Net: Name=3.3V
Added Pin To Net: NetName=5V_EXT Pin=C10-2
Added Pin To Net: NetName=5V_EXT Pin=JP1-1
Added Pin To Net: NetName=5V_EXT Pin=JP2-7
Added Net: Name=5V_EXT
Added Pin To Net: NetName=5V_VBUS Pin=D2-2
Added Pin To Net: NetName=5V_VBUS Pin=JP1-3
Added Pin To Net: NetName=5V_VBUS Pin=R9-2
Added Net: Name=5V_VBUS
Added Pin To Net: NetName=5V Pin=C1-2
Added Pin To Net: NetName=5V Pin=D1-5
Added Pin To Net: NetName=5V Pin=JP1-2
Added Pin To Net: NetName=5V Pin=U1-3
Added Pin To Net: NetName=5V Pin=U1-4
Added Net: Name=5V
Added Pin To Net: NetName=CC1 Pin=R6-2
Added Pin To Net: NetName=CC1 Pin=U2-A5
Added Net: Name=CC1
Added Pin To Net: NetName=CC2 Pin=R7-2
Added Pin To Net: NetName=CC2 Pin=U2-B5
Added Net: Name=CC2
Added Pin To Net: NetName=D+ Pin=D1-1
Added Pin To Net: NetName=D+ Pin=U2-A6
Added Pin To Net: NetName=D+ Pin=U2-B6
Added Net: Name=D+
Added Pin To Net: NetName=D- Pin=D1-3
Added Pin To Net: NetName=D- Pin=U2-A7
Added Pin To Net: NetName=D- Pin=U2-B7
Added Net: Name=D-
Added Pin To Net: NetName=DTR Pin=Q2-2
Added Pin To Net: NetName=DTR Pin=R5-1
Added Net: Name=DTR
Added Pin To Net: NetName=EN Pin=C7-2
Added Pin To Net: NetName=EN Pin=JP4-3
Added Pin To Net: NetName=EN Pin=Q1-3
Added Pin To Net: NetName=EN Pin=R13-1
Added Pin To Net: NetName=EN Pin=U4-1
Added Pin To Net: NetName=EN Pin=U6-3
Added Net: Name=EN
Added Pin To Net: NetName=GND Pin=C1-1
Added Pin To Net: NetName=GND Pin=C2-1
Added Pin To Net: NetName=GND Pin=C3-1
Added Pin To Net: NetName=GND Pin=C4-1
Added Pin To Net: NetName=GND Pin=C5-1
Added Pin To Net: NetName=GND Pin=C6-1
Added Pin To Net: NetName=GND Pin=C7-1
Added Pin To Net: NetName=GND Pin=C8-1
Added Pin To Net: NetName=GND Pin=C9-1
Added Pin To Net: NetName=GND Pin=C10-1
Added Pin To Net: NetName=GND Pin=C11-1
Added Pin To Net: NetName=GND Pin=D1-2
Added Pin To Net: NetName=GND Pin=JP2-5
Added Pin To Net: NetName=GND Pin=JP3-2
Added Pin To Net: NetName=GND Pin=JP3-8
Added Pin To Net: NetName=GND Pin=JP4-1
Added Pin To Net: NetName=GND Pin=L1-2
Added Pin To Net: NetName=GND Pin=R6-1
Added Pin To Net: NetName=GND Pin=R7-1
Added Pin To Net: NetName=GND Pin=R11-1
Added Pin To Net: NetName=GND Pin=R12-1
Added Pin To Net: NetName=GND Pin=U1-1
Added Pin To Net: NetName=GND Pin=U2-17
Added Pin To Net: NetName=GND Pin=U2-18
Added Pin To Net: NetName=GND Pin=U2-19
Added Pin To Net: NetName=GND Pin=U2-20
Added Pin To Net: NetName=GND Pin=U2-A12B1
Added Pin To Net: NetName=GND Pin=U2-B12A1
Added Pin To Net: NetName=GND Pin=U4-2
Added Pin To Net: NetName=GND Pin=U5-2
Added Pin To Net: NetName=GND Pin=U6-1
Added Pin To Net: NetName=GND Pin=U6-15
Added Pin To Net: NetName=GND Pin=U6-38
Added Pin To Net: NetName=GND Pin=U6-39
Added Pin To Net: NetName=GND Pin=U6-39
Added Pin To Net: NetName=GND Pin=U6-39
Added Pin To Net: NetName=GND Pin=U6-39
Added Pin To Net: NetName=GND Pin=U6-39
Added Pin To Net: NetName=GND Pin=U6-39
Added Pin To Net: NetName=GND Pin=U6-39
Added Pin To Net: NetName=GND Pin=U6-39
Added Pin To Net: NetName=GND Pin=U6-39
Added Net: Name=GND
Added Pin To Net: NetName=I34 Pin=JP4-6
Added Pin To Net: NetName=I34 Pin=U6-6
Added Net: Name=I34
Added Pin To Net: NetName=I35 Pin=JP4-7
Added Pin To Net: NetName=I35 Pin=U6-7
Added Net: Name=I35
Added Pin To Net: NetName=I36 Pin=JP4-4
Added Pin To Net: NetName=I36 Pin=U6-4
Added Net: Name=I36
Added Pin To Net: NetName=I39 Pin=JP4-5
Added Pin To Net: NetName=I39 Pin=U6-5
Added Net: Name=I39
Added Pin To Net: NetName=IO2 Pin=JP5-6
Added Pin To Net: NetName=IO2 Pin=U6-24
Added Net: Name=IO2
Added Pin To Net: NetName=IO4 Pin=JP5-4
Added Pin To Net: NetName=IO4 Pin=U6-26
Added Net: Name=IO4
Added Pin To Net: NetName=IO5 Pin=JP5-1
Added Pin To Net: NetName=IO5 Pin=U6-29
Added Net: Name=IO5
Added Pin To Net: NetName=IO12 Pin=JP2-4
Added Pin To Net: NetName=IO12 Pin=U6-14
Added Net: Name=IO12
Added Pin To Net: NetName=IO13 Pin=JP2-6
Added Pin To Net: NetName=IO13 Pin=U6-16
Added Net: Name=IO13
Added Pin To Net: NetName=IO14 Pin=JP2-3
Added Pin To Net: NetName=IO14 Pin=U6-13
Added Net: Name=IO14
Added Pin To Net: NetName=IO15 Pin=JP5-7
Added Pin To Net: NetName=IO15 Pin=U6-23
Added Net: Name=IO15
Added Pin To Net: NetName=IO16 Pin=JP5-3
Added Pin To Net: NetName=IO16 Pin=U6-27
Added Net: Name=IO16
Added Pin To Net: NetName=IO17 Pin=JP5-2
Added Pin To Net: NetName=IO17 Pin=U6-28
Added Net: Name=IO17
Added Pin To Net: NetName=IO18 Pin=JP3-10
Added Pin To Net: NetName=IO18 Pin=L2-2
Added Pin To Net: NetName=IO18 Pin=U6-30
Added Net: Name=IO18
Added Pin To Net: NetName=IO19 Pin=JP3-9
Added Pin To Net: NetName=IO19 Pin=U6-31
Added Net: Name=IO19
Added Pin To Net: NetName=IO21 Pin=JP3-7
Added Pin To Net: NetName=IO21 Pin=U6-33
Added Net: Name=IO21
Added Pin To Net: NetName=IO22 Pin=JP3-4
Added Pin To Net: NetName=IO22 Pin=U6-36
Added Net: Name=IO22
Added Pin To Net: NetName=IO23 Pin=JP3-3
Added Pin To Net: NetName=IO23 Pin=U6-37
Added Net: Name=IO23
Added Pin To Net: NetName=IO25 Pin=JP4-10
Added Pin To Net: NetName=IO25 Pin=U6-10
Added Net: Name=IO25
Added Pin To Net: NetName=IO26 Pin=JP2-1
Added Pin To Net: NetName=IO26 Pin=U6-11
Added Net: Name=IO26
Added Pin To Net: NetName=IO27 Pin=JP2-2
Added Pin To Net: NetName=IO27 Pin=U6-12
Added Net: Name=IO27
Added Pin To Net: NetName=IO32 Pin=JP4-8
Added Pin To Net: NetName=IO32 Pin=U6-8
Added Net: Name=IO32
Added Pin To Net: NetName=IO33 Pin=JP4-9
Added Pin To Net: NetName=IO33 Pin=U6-9
Added Net: Name=IO33
Added Pin To Net: NetName=IO_0_BTN Pin=C11-2
Added Pin To Net: NetName=IO_0_BTN Pin=Q2-3
Added Pin To Net: NetName=IO_0_BTN Pin=R15-2
Added Pin To Net: NetName=IO_0_BTN Pin=U5-1
Added Net: Name=IO_0_BTN
Added Pin To Net: NetName=IO_0_CON Pin=JP5-5
Added Pin To Net: NetName=IO_0_CON Pin=R14-2
Added Net: Name=IO_0_CON
Added Pin To Net: NetName=NetD2_1 Pin=D2-1
Added Pin To Net: NetName=NetD2_1 Pin=F1-2
Added Net: Name=NetD2_1
Added Pin To Net: NetName=NetF1_1 Pin=F1-1
Added Pin To Net: NetName=NetF1_1 Pin=L3-1
Added Net: Name=NetF1_1
Added Pin To Net: NetName=NetL1_1 Pin=L1-1
Added Pin To Net: NetName=NetL1_1 Pin=R1-2
Added Net: Name=NetL1_1
Added Pin To Net: NetName=NetL2_1 Pin=L2-1
Added Pin To Net: NetName=NetL2_1 Pin=R2-2
Added Net: Name=NetL2_1
Added Pin To Net: NetName=NetL3_2 Pin=L3-2
Added Pin To Net: NetName=NetL3_2 Pin=U2-A9B4
Added Pin To Net: NetName=NetL3_2 Pin=U2-B9A4
Added Net: Name=NetL3_2
Added Pin To Net: NetName=NetQ1_1 Pin=Q1-1
Added Pin To Net: NetName=NetQ1_1 Pin=R5-2
Added Net: Name=NetQ1_1
Added Pin To Net: NetName=NetQ2_1 Pin=Q2-1
Added Pin To Net: NetName=NetQ2_1 Pin=R8-2
Added Net: Name=NetQ2_1
Added Pin To Net: NetName=NetR9_1 Pin=R9-1
Added Pin To Net: NetName=NetR9_1 Pin=R12-2
Added Net: Name=NetR9_1
Added Pin To Net: NetName=NetR10_2 Pin=R10-2
Added Net: Name=NetR10_2
Added Pin To Net: NetName=NetR11_2 Pin=R11-2
Added Net: Name=NetR11_2
Added Pin To Net: NetName=NetR14_1 Pin=R14-1
Added Pin To Net: NetName=NetR14_1 Pin=R15-1
Added Pin To Net: NetName=NetR14_1 Pin=U6-25
Added Net: Name=NetR14_1
Added Pin To Net: NetName=RTS Pin=Q1-2
Added Pin To Net: NetName=RTS Pin=R8-1
Added Net: Name=RTS
Added Pin To Net: NetName=RXD0 Pin=JP3-6
Added Pin To Net: NetName=RXD0 Pin=R4-1
Added Pin To Net: NetName=RXD0 Pin=U6-34
Added Net: Name=RXD0
Added Pin To Net: NetName=RXD Pin=R3-2
Added Net: Name=RXD
Added Pin To Net: NetName=TXD0 Pin=JP3-5
Added Pin To Net: NetName=TXD0 Pin=R3-1
Added Pin To Net: NetName=TXD0 Pin=U6-35
Added Net: Name=TXD0
Added Pin To Net: NetName=TXD Pin=R4-2
Added Net: Name=TXD
Added Pin To Net: NetName=USB_D+ Pin=D1-6
Added Net: Name=USB_D+
Added Pin To Net: NetName=USB_D- Pin=D1-4
Added Net: Name=USB_D-
Added Class: Name=My_esp
