
Importing C:\Users\Public\Documents\Altium\My_own_esp32(2)\PDNAnalyzer_Output\My_esp\3.3V\odb.tgz... [Fri Mar 13 00:03:23 2026]
============================================================
Reading ODB++ database ...

Reading file odb/misc/info...
Reading file odb/matrix/matrix...
Reading file odb/steps/pcb/profile...
Reading file odb/steps/pcb/eda/data...
Origin of ODB++ database:  Altium Designer file - Version 1.0.0.30000
eda data: 14 packages, 54 nets.
Reading file odb/steps/pcb/layers/top_solder/features...
209 SWHs on layer TOP_SOLDER

Reading file odb/steps/pcb/layers/top_layer/features...
737 SWHs on layer TOP_LAYER

Reading file odb/steps/pcb/layers/dielectric_2/features...
0 SWHs on layer DIELECTRIC_2

Reading file odb/steps/pcb/layers/gnd/features...
29 SWHs on layer GND

Reading file odb/steps/pcb/layers/dielectric_1/features...
0 SWHs on layer DIELECTRIC_1

Reading file odb/steps/pcb/layers/pwr/features...
73 SWHs on layer PWR

Reading file odb/steps/pcb/layers/dielectric_3/features...
0 SWHs on layer DIELECTRIC_3

Reading file odb/steps/pcb/layers/bottom_layer/features...
227 SWHs on layer BOTTOM_LAYER

Reading file odb/steps/pcb/layers/bottom_solder/features...
47 SWHs on layer BOTTOM_SOLDER

Reading file odb/steps/pcb/layers/top_solder/attrlist...
Reading file odb/steps/pcb/layers/top_layer/attrlist...
Reading file odb/steps/pcb/layers/dielectric_2/attrlist...
Reading file odb/steps/pcb/layers/gnd/attrlist...
Reading file odb/steps/pcb/layers/dielectric_1/attrlist...
Reading file odb/steps/pcb/layers/pwr/attrlist...
Reading file odb/steps/pcb/layers/dielectric_3/attrlist...
Reading file odb/steps/pcb/layers/bottom_layer/attrlist...
Reading file odb/steps/pcb/layers/bottom_solder/attrlist...
WARNING: material values were set to default due to missing information for the following layers:  'TOP_LAYER', 'GND', 'PWR', 'BOTTOM_LAYER'
parsing drills TOP_LAYER-BOTTOM_LAYER
Reading file odb/steps/pcb/layers/drill_non-plated_bottom_layer-top_layer/features...
parsing drills TOP_LAYER-BOTTOM_LAYER
Reading file odb/steps/pcb/layers/drill_plated_bottom_layer-top_layer/features...
Reading file odb/steps/pcb/layers/comp_+_top/components...
Reading file odb/steps/pcb/layers/comp_+_bot/components...
========================================
INFO: Created CSV file (C:\Users\Public\Documents\Altium\My_own_esp32(2)\PDNAnalyzer_Output\My_esp\3.3V\Results\tmp\design.csv) with component properties extracted from ODB++ file.
========================================
========================================
Lumped-element import (C:\Users\Public\Documents\Altium\My_own_esp32(2)\PDNAnalyzer_Output\My_esp\3.3V\Results\tmp\design.csv)...
Detected ' ; ' as separator.

Value-string translations:
	103 ->  103.0 pF (C)
	1K ->  1.0 kOhms (R)
WARNING: unable to interpret: [empty string]
========================================
WARNING: There were some warnings while importing the auto-generated CSV-file 'C:\Users\Public\Documents\Altium\My_own_esp32(2)\PDNAnalyzer_Output\My_esp\3.3V\Results\tmp\design.csv'. Please review the auto-generated file under Parts Editor->Load (csv).
========================================
Unifying library padstacks...
Finished reading database.
============================================================
